<?xml version="1.0" encoding="UTF-8"?>
<!-- Generated by org.testng.reporters.JUnitReportReporter -->
<testsuite hostname="Sathyain" failures="0" tests="4" name="Tests.SeleniumTest" time="5.018" errors="0" timestamp="2024-11-12T17:46:17 IST" skipped="0">
  <testcase classname="Tests.SeleniumTest" name="ValidateTitles_onlineProducts" time="3.961"/>
  <system-out/>
  <testcase classname="Tests.SeleniumTest" name="validateFirstFormalshoe" time="0.165"/>
  <system-out/>
  <testcase classname="Tests.SeleniumTest" name="validateFirstSportsshoe" time="0.457"/>
  <system-out/>
  <testcase classname="Tests.SeleniumTest" name="validateFirstSneakershoe" time="0.435"/>
  <system-out/>
</testsuite> <!-- Tests.SeleniumTest -->
